<?xml version="1.0" encoding="UTF-8"?>
<testsuite name="com.example.task01.Tests" tests="4" skipped="0" failures="0" errors="0" timestamp="2022-04-05T16:14:44" hostname="LAPTOP-JHPLCA43" time="0.128">
  <properties/>
  <testcase name="testException" classname="com.example.task01.Tests" time="0.003"/>
  <testcase name="testExample" classname="com.example.task01.Tests" time="0.122"/>
  <testcase name="testNull" classname="com.example.task01.Tests" time="0.0"/>
  <testcase name="testArrays" classname="com.example.task01.Tests" time="0.0"/>
  <system-out><![CDATA[]]></system-out>
  <system-err><![CDATA[]]></system-err>
</testsuite>
