<?xml version="1.0" encoding="UTF-8"?>
<testsuite name="com.example.task01.Tests" tests="4" skipped="0" failures="0" errors="0" timestamp="2023-11-05T17:14:54" hostname="WIN-M0JQOJ17T8C" time="0.023">
  <properties/>
  <testcase name="testException" classname="com.example.task01.Tests" time="0.0"/>
  <testcase name="testExample" classname="com.example.task01.Tests" time="0.023"/>
  <testcase name="testNull" classname="com.example.task01.Tests" time="0.0"/>
  <testcase name="testArrays" classname="com.example.task01.Tests" time="0.0"/>
  <system-out><![CDATA[]]></system-out>
  <system-err><![CDATA[]]></system-err>
</testsuite>
