<?xml version="1.0" encoding="UTF-8"?>
<testsuite name="com.example.task01.Tests" tests="1" skipped="0" failures="0" errors="0" timestamp="2022-10-09T17:19:43" hostname="by-Onyx" time="0.096">
  <properties/>
  <testcase name="testArrays" classname="com.example.task01.Tests" time="0.096"/>
  <system-out><![CDATA[]]></system-out>
  <system-err><![CDATA[]]></system-err>
</testsuite>
