<?xml version="1.0" encoding="UTF-8"?>
<testsuite name="com.example.task01.Tests" tests="4" skipped="0" failures="0" errors="0" timestamp="2022-11-06T09:11:02" hostname="DESKTOP-1QO41DK" time="0.044">
  <properties/>
  <testcase name="testException" classname="com.example.task01.Tests" time="0.001"/>
  <testcase name="testExample" classname="com.example.task01.Tests" time="0.041"/>
  <testcase name="testNull" classname="com.example.task01.Tests" time="0.0"/>
  <testcase name="testArrays" classname="com.example.task01.Tests" time="0.0"/>
  <system-out><![CDATA[]]></system-out>
  <system-err><![CDATA[]]></system-err>
</testsuite>
