<?xml version="1.0" encoding="UTF-8"?>
<testsuite name="com.example.task01.Tests" tests="4" skipped="0" failures="0" errors="0" timestamp="2022-11-04T09:49:42" hostname="MacBook-Air-Ila.local" time="0.062">
  <properties/>
  <testcase name="testException" classname="com.example.task01.Tests" time="0.001"/>
  <testcase name="testExample" classname="com.example.task01.Tests" time="0.058"/>
  <testcase name="testNull" classname="com.example.task01.Tests" time="0.0"/>
  <testcase name="testArrays" classname="com.example.task01.Tests" time="0.0"/>
  <system-out><![CDATA[]]></system-out>
  <system-err><![CDATA[]]></system-err>
</testsuite>
