<?xml version="1.0" encoding="UTF-8"?>
<testsuite name="com.example.task02.Tests" tests="3" skipped="0" failures="0" errors="0" timestamp="2022-11-04T10:01:12" hostname="MacBook-Air-Ila.local" time="0.057">
  <properties/>
  <testcase name="testExample" classname="com.example.task02.Tests" time="0.056"/>
  <testcase name="testEmpty" classname="com.example.task02.Tests" time="0.0"/>
  <testcase name="testArrays" classname="com.example.task02.Tests" time="0.0"/>
  <system-out><![CDATA[]]></system-out>
  <system-err><![CDATA[]]></system-err>
</testsuite>
