<?xml version="1.0" encoding="UTF-8"?>
<testsuite name="com.example.task02.Tests" tests="3" skipped="0" failures="0" errors="0" timestamp="2022-04-05T16:47:12" hostname="LAPTOP-JHPLCA43" time="0.107">
  <properties/>
  <testcase name="testExample" classname="com.example.task02.Tests" time="0.095"/>
  <testcase name="testEmpty" classname="com.example.task02.Tests" time="0.001"/>
  <testcase name="testArrays" classname="com.example.task02.Tests" time="0.01"/>
  <system-out><![CDATA[]]></system-out>
  <system-err><![CDATA[]]></system-err>
</testsuite>
