<?xml version="1.0" encoding="UTF-8"?>
<testsuite name="com.example.task04.Tests" tests="2" skipped="0" failures="0" errors="0" timestamp="2022-11-20T15:34:39" hostname="Админ-ПК" time="0.105">
  <properties/>
  <testcase name="testExample" classname="com.example.task04.Tests" time="0.101"/>
  <testcase name="testEmpty" classname="com.example.task04.Tests" time="0.003"/>
  <system-out><![CDATA[]]></system-out>
  <system-err><![CDATA[]]></system-err>
</testsuite>
