<?xml version="1.0" encoding="UTF-8"?>
<testsuite name="com.example.task04.Tests" tests="2" skipped="0" failures="0" errors="0" timestamp="2022-11-04T10:20:34" hostname="MacBook-Air-Ila.local" time="0.083">
  <properties/>
  <testcase name="testExample" classname="com.example.task04.Tests" time="0.076"/>
  <testcase name="testEmpty" classname="com.example.task04.Tests" time="0.006"/>
  <system-out><![CDATA[]]></system-out>
  <system-err><![CDATA[]]></system-err>
</testsuite>
