<?xml version="1.0" encoding="UTF-8"?>
<testsuite name="com.example.task04.Tests" tests="2" skipped="0" failures="0" errors="0" timestamp="2022-09-18T18:07:31" hostname="DESKTOP-SPSS5I2" time="0.052">
  <properties/>
  <testcase name="testExample" classname="com.example.task04.Tests" time="0.05"/>
  <testcase name="testEmpty" classname="com.example.task04.Tests" time="0.002"/>
  <system-out><![CDATA[]]></system-out>
  <system-err><![CDATA[]]></system-err>
</testsuite>
