<?xml version="1.0" encoding="UTF-8"?>
<testsuite name="com.example.task04.Tests" tests="2" skipped="0" failures="0" errors="0" timestamp="2022-04-05T18:22:06" hostname="LAPTOP-JHPLCA43" time="0.157">
  <properties/>
  <testcase name="testExample" classname="com.example.task04.Tests" time="0.149"/>
  <testcase name="testEmpty" classname="com.example.task04.Tests" time="0.003"/>
  <system-out><![CDATA[]]></system-out>
  <system-err><![CDATA[]]></system-err>
</testsuite>
