<?xml version="1.0" encoding="UTF-8"?>
<testsuite name="com.example.task04.Tests" tests="2" skipped="0" failures="0" errors="0" timestamp="2022-11-15T15:15:48" hostname="WIN-2C2HGV94VI1" time="0.069">
  <properties/>
  <testcase name="testExample" classname="com.example.task04.Tests" time="0.067"/>
  <testcase name="testEmpty" classname="com.example.task04.Tests" time="0.002"/>
  <system-out><![CDATA[]]></system-out>
  <system-err><![CDATA[]]></system-err>
</testsuite>
