<?xml version="1.0" encoding="UTF-8"?>
<testsuite name="com.example.task04.Tests" tests="2" skipped="0" failures="0" errors="0" timestamp="2023-11-06T05:33:31" hostname="DESKTOP-MSV2E88" time="0.031">
  <properties/>
  <testcase name="testExample" classname="com.example.task04.Tests" time="0.03"/>
  <testcase name="testEmpty" classname="com.example.task04.Tests" time="0.001"/>
  <system-out><![CDATA[]]></system-out>
  <system-err><![CDATA[]]></system-err>
</testsuite>
