<?xml version="1.0" encoding="UTF-8"?>
<testsuite name="com.example.task04.Tests" tests="2" skipped="0" failures="0" errors="0" timestamp="2023-11-05T18:15:46" hostname="WIN-M0JQOJ17T8C" time="0.033">
  <properties/>
  <testcase name="testExample" classname="com.example.task04.Tests" time="0.033"/>
  <testcase name="testEmpty" classname="com.example.task04.Tests" time="0.0"/>
  <system-out><![CDATA[]]></system-out>
  <system-err><![CDATA[]]></system-err>
</testsuite>
