<?xml version="1.0" encoding="UTF-8"?>
<testsuite name="com.example.task03.Tests" tests="3" skipped="0" failures="0" errors="0" timestamp="2022-11-04T10:15:16" hostname="MacBook-Air-Ila.local" time="0.066">
  <properties/>
  <testcase name="testExample" classname="com.example.task03.Tests" time="0.063"/>
  <testcase name="testNull" classname="com.example.task03.Tests" time="0.0"/>
  <testcase name="test" classname="com.example.task03.Tests" time="0.002"/>
  <system-out><![CDATA[]]></system-out>
  <system-err><![CDATA[]]></system-err>
</testsuite>
