<?xml version="1.0" encoding="UTF-8"?>
<testsuite name="com.example.task03.Tests" tests="3" skipped="0" failures="0" errors="0" timestamp="2022-11-20T15:05:57" hostname="Админ-ПК" time="0.143">
  <properties/>
  <testcase name="testExample" classname="com.example.task03.Tests" time="0.122"/>
  <testcase name="testNull" classname="com.example.task03.Tests" time="0.001"/>
  <testcase name="test" classname="com.example.task03.Tests" time="0.02"/>
  <system-out><![CDATA[]]></system-out>
  <system-err><![CDATA[]]></system-err>
</testsuite>
